d:\gunz\server private\royalgunz\mint2\debug\mint2d.pch
d:\gunz\server private\royalgunz\mint2\debug\mint2.pdb
d:\gunz\server private\royalgunz\mint2\debug\mint2.idb
d:\gunz\server private\royalgunz\mint2\debug\stdafx.obj
d:\gunz\server private\royalgunz\mint2\debug\mconsoleframe.obj
d:\gunz\server private\royalgunz\mint2\debug\mcombobox.obj
d:\gunz\server private\royalgunz\mint2\debug\mbutton.obj
d:\gunz\server private\royalgunz\mint2\debug\mbmlabel.obj
d:\gunz\server private\royalgunz\mint2\debug\mbmbutton.obj
d:\gunz\server private\royalgunz\mint2\debug\manimation.obj
d:\gunz\server private\royalgunz\mint2\debug\manibmbutton.obj
d:\gunz\server private\royalgunz\mint2\debug\mbtextarealook.obj
d:\gunz\server private\royalgunz\mint2\debug\mbtabctrllook.obj
d:\gunz\server private\royalgunz\mint2\debug\mbsliderlook.obj
d:\gunz\server private\royalgunz\mint2\debug\mbscrollbarlook.obj
d:\gunz\server private\royalgunz\mint2\debug\mbpopupmenu.obj
d:\gunz\server private\royalgunz\mint2\debug\mbmulticollistboxlook.obj
d:\gunz\server private\royalgunz\mint2\debug\mblistboxlook.obj
d:\gunz\server private\royalgunz\mint2\debug\mblabellook.obj
d:\gunz\server private\royalgunz\mint2\debug\mbitmapdrawer.obj
d:\gunz\server private\royalgunz\mint2\debug\mbgrouplook.obj
d:\gunz\server private\royalgunz\mint2\debug\mbframelook.obj
d:\gunz\server private\royalgunz\mint2\debug\mbeditlook.obj
d:\gunz\server private\royalgunz\mint2\debug\mbbuttonlook.obj
d:\gunz\server private\royalgunz\mint2\debug\mscrollbar.obj
d:\gunz\server private\royalgunz\mint2\debug\mpopupmenu.obj
d:\gunz\server private\royalgunz\mint2\debug\mpicture.obj
d:\gunz\server private\royalgunz\mint2\debug\mpanel.obj
d:\gunz\server private\royalgunz\mint2\debug\mmulticollistbox.obj
d:\gunz\server private\royalgunz\mint2\debug\mmsgbox.obj
d:\gunz\server private\royalgunz\mint2\debug\mlistbox.obj
d:\gunz\server private\royalgunz\mint2\debug\mlayoutmanager.obj
d:\gunz\server private\royalgunz\mint2\debug\mlabel.obj
d:\gunz\server private\royalgunz\mint2\debug\mint.obj
d:\gunz\server private\royalgunz\mint2\debug\mhypertext.obj
d:\gunz\server private\royalgunz\mint2\debug\mhotkey.obj
d:\gunz\server private\royalgunz\mint2\debug\mgroup.obj
d:\gunz\server private\royalgunz\mint2\debug\mframedrawer.obj
d:\gunz\server private\royalgunz\mint2\debug\mframe.obj
d:\gunz\server private\royalgunz\mint2\debug\mfiledialog.obj
d:\gunz\server private\royalgunz\mint2\debug\mfilebox.obj
d:\gunz\server private\royalgunz\mint2\debug\mevent.obj
d:\gunz\server private\royalgunz\mint2\debug\medit.obj
d:\gunz\server private\royalgunz\mint2\debug\mdragobject.obj
d:\gunz\server private\royalgunz\mint2\debug\mstringtable.obj
d:\gunz\server private\royalgunz\mint2\debug\mresourcemanager.obj
d:\gunz\server private\royalgunz\mint2\debug\midlresource.obj
d:\gunz\server private\royalgunz\mint2\debug\mfont.obj
d:\gunz\server private\royalgunz\mint2\debug\mdrawcontext.obj
d:\gunz\server private\royalgunz\mint2\debug\mcursor.obj
d:\gunz\server private\royalgunz\mint2\debug\mbitmap.obj
d:\gunz\server private\royalgunz\mint2\debug\mwidget.obj
d:\gunz\server private\royalgunz\mint2\debug\mtypes.obj
d:\gunz\server private\royalgunz\mint2\debug\mtooltip.obj
d:\gunz\server private\royalgunz\mint2\debug\mtextarea.obj
d:\gunz\server private\royalgunz\mint2\debug\mtabctrl.obj
d:\gunz\server private\royalgunz\mint2\debug\mslider.obj
d:\gunz\server private\royalgunz\mint2\runtime\lib\mint2d.lib
d:\gunz\server private\royalgunz\mint2\debug\msxml.tlh
d:\gunz\server private\royalgunz\mint2\.\runtime\lib\mint2d.lib
d:\gunz\server private\royalgunz\mint2\debug\mint2.tlog\cl.command.1.tlog
d:\gunz\server private\royalgunz\mint2\debug\mint2.tlog\cl.read.1.tlog
d:\gunz\server private\royalgunz\mint2\debug\mint2.tlog\cl.write.1.tlog
d:\gunz\server private\royalgunz\mint2\debug\mint2.tlog\lib-link.read.1.tlog
d:\gunz\server private\royalgunz\mint2\debug\mint2.tlog\lib-link.write.1.tlog
d:\gunz\server private\royalgunz\mint2\debug\mint2.tlog\lib.command.1.tlog
