e:\source2022\sourcecode\zlauncher\zlauncherupdater_2nd\cnewapp\release\newapp.pch
e:\source2022\sourcecode\zlauncher\zlauncherupdater_2nd\cnewapp\release\vc141.pdb
e:\source2022\sourcecode\zlauncher\zlauncherupdater_2nd\cnewapp\release\stdafx.obj
e:\source2022\sourcecode\zlauncher\zlauncherupdater_2nd\cnewapp\release\csound.obj
e:\source2022\sourcecode\zlauncher\zlauncherupdater_2nd\cnewapp\release\cddbdialog.obj
e:\source2022\sourcecode\zlauncher\zlauncherupdater_2nd\cnewapp\release\cddbbutton.obj
e:\source2022\sourcecode\zlauncher\zlauncherupdater_2nd\cnewapp\release\cddb.obj
e:\source2022\sourcecode\zlauncher\zlauncherupdater_2nd\cnewapp\release\newappdlg.obj
e:\source2022\sourcecode\zlauncher\zlauncherupdater_2nd\cnewapp\release\newapp.obj
e:\source2022\sourcecode\zlauncher\zlauncher_2nd\cnewapp\res\updater.exe
e:\source2022\sourcecode\zlauncher\zlauncherupdater_2nd\cnewapp\release\newapp.res
e:\source2022\sourcecode\zlauncher\zlauncherupdater_2nd\cnewapp\release\launcherupdater.tlog\cl.command.1.tlog
e:\source2022\sourcecode\zlauncher\zlauncherupdater_2nd\cnewapp\release\launcherupdater.tlog\cl.read.1.tlog
e:\source2022\sourcecode\zlauncher\zlauncherupdater_2nd\cnewapp\release\launcherupdater.tlog\cl.write.1.tlog
e:\source2022\sourcecode\zlauncher\zlauncherupdater_2nd\cnewapp\release\launcherupdater.tlog\link.command.1.tlog
e:\source2022\sourcecode\zlauncher\zlauncherupdater_2nd\cnewapp\release\launcherupdater.tlog\link.read.1.tlog
e:\source2022\sourcecode\zlauncher\zlauncherupdater_2nd\cnewapp\release\launcherupdater.tlog\link.write.1.tlog
e:\source2022\sourcecode\zlauncher\zlauncherupdater_2nd\cnewapp\release\launcherupdater.tlog\rc.command.1.tlog
e:\source2022\sourcecode\zlauncher\zlauncherupdater_2nd\cnewapp\release\launcherupdater.tlog\rc.read.1.tlog
e:\source2022\sourcecode\zlauncher\zlauncherupdater_2nd\cnewapp\release\launcherupdater.tlog\rc.write.1.tlog
