d:\gunz\server private\royalgunz\cml\debug\cmld.pch
d:\gunz\server private\royalgunz\cml\debug\cml.pdb
d:\gunz\server private\royalgunz\cml\debug\cml.idb
d:\gunz\server private\royalgunz\cml\debug\stdafx.obj
d:\gunz\server private\royalgunz\cml\debug\libpak.obj
d:\gunz\server private\royalgunz\cml\debug\hash.obj
d:\gunz\server private\royalgunz\cml\debug\fileinfo.obj
d:\gunz\server private\royalgunz\cml\debug\commonlog.obj
d:\gunz\server private\royalgunz\cml\debug\cmlexicalanalyzer.obj
d:\gunz\server private\royalgunz\cml\debug\cmerror.obj
d:\gunz\server private\royalgunz\cml\debug\cfgfile.obj
d:\gunz\server private\royalgunz\cml\debug\sha1.obj
d:\gunz\server private\royalgunz\cml\debug\mmd5.obj
d:\gunz\server private\royalgunz\cml\debug\hmac_sha1.obj
d:\gunz\server private\royalgunz\cml\debug\seed.obj
d:\gunz\server private\royalgunz\cml\debug\mzip.obj
d:\gunz\server private\royalgunz\cml\debug\mvector3.obj
d:\gunz\server private\royalgunz\cml\debug\mmatrix.obj
d:\gunz\server private\royalgunz\cml\debug\mdatachecker.obj
d:\gunz\server private\royalgunz\cml\debug\md5_code.obj
d:\gunz\server private\royalgunz\cml\debug\md5wrapper.obj
d:\gunz\server private\royalgunz\cml\debug\mclipboard.obj
d:\gunz\server private\royalgunz\cml\debug\diskserialnumber.obj
d:\gunz\server private\royalgunz\cml\debug\codepageconversion.obj
d:\gunz\server private\royalgunz\cml\debug\mprocesscontroller.obj
d:\gunz\server private\royalgunz\cml\debug\mpdb.obj
d:\gunz\server private\royalgunz\cml\debug\mpagearray.obj
d:\gunz\server private\royalgunz\cml\debug\mmemoryproxy.obj
d:\gunz\server private\royalgunz\cml\debug\mlocale.obj
d:\gunz\server private\royalgunz\cml\debug\mlex.obj
d:\gunz\server private\royalgunz\cml\debug\minetutil.obj
d:\gunz\server private\royalgunz\cml\debug\minet.obj
d:\gunz\server private\royalgunz\cml\debug\mhttpspooler.obj
d:\gunz\server private\royalgunz\cml\debug\mempool.obj
d:\gunz\server private\royalgunz\cml\debug\mdebug.obj
d:\gunz\server private\royalgunz\cml\debug\mcsvparser.obj
d:\gunz\server private\royalgunz\cml\debug\mcrypt.obj
d:\gunz\server private\royalgunz\cml\debug\mcrc32.obj
d:\gunz\server private\royalgunz\cml\debug\mcrashdump.obj
d:\gunz\server private\royalgunz\cml\debug\mchunkrewriter.obj
d:\gunz\server private\royalgunz\cml\debug\mchecksum.obj
d:\gunz\server private\royalgunz\cml\debug\mblobarray.obj
d:\gunz\server private\royalgunz\cml\debug\masynchttp.obj
d:\gunz\server private\royalgunz\cml\debug\marchive.obj
d:\gunz\server private\royalgunz\cml\debug\mzfilesystem.obj
d:\gunz\server private\royalgunz\cml\debug\mxml.obj
d:\gunz\server private\royalgunz\cml\debug\mutil.obj
d:\gunz\server private\royalgunz\cml\debug\mtracememory.obj
d:\gunz\server private\royalgunz\cml\debug\mthread.obj
d:\gunz\server private\royalgunz\cml\debug\msync.obj
d:\gunz\server private\royalgunz\cml\debug\mstrex.obj
d:\gunz\server private\royalgunz\cml\debug\mstatemachine.obj
d:\gunz\server private\royalgunz\cml\debug\msmartrefresh.obj
d:\gunz\server private\royalgunz\cml\debug\mrsaencrypt.obj
d:\gunz\server private\royalgunz\cml\debug\mregistry.obj
d:\gunz\server private\royalgunz\cml\debug\mprofiler.obj
d:\gunz\server private\royalgunz\cml\debug\mfoldernotifier.obj
d:\gunz\server private\royalgunz\cml\runtime\lib\cmld.lib
d:\gunz\server private\royalgunz\cml\debug\msxml.tli
d:\gunz\server private\royalgunz\cml\debug\msxml.tlh
d:\gunz\server private\royalgunz\cml\.\runtime\lib\cmld.lib
d:\gunz\server private\royalgunz\cml\debug\cml.tlog\cl.command.1.tlog
d:\gunz\server private\royalgunz\cml\debug\cml.tlog\cl.read.1.tlog
d:\gunz\server private\royalgunz\cml\debug\cml.tlog\cl.write.1.tlog
d:\gunz\server private\royalgunz\cml\debug\cml.tlog\lib-link.read.1.tlog
d:\gunz\server private\royalgunz\cml\debug\cml.tlog\lib-link.write.1.tlog
d:\gunz\server private\royalgunz\cml\debug\cml.tlog\lib.command.1.tlog
