d:\gunz\server private\royalgunz\realspace2\debug\realspace2d.pch
d:\gunz\server private\royalgunz\realspace2\debug\realspace2.pdb
d:\gunz\server private\royalgunz\realspace2\debug\realspace2.idb
d:\gunz\server private\royalgunz\realspace2\debug\stdafx.obj
d:\gunz\server private\royalgunz\realspace2\debug\rmesh_load.obj
d:\gunz\server private\royalgunz\realspace2\debug\rvisualmesh.obj
d:\gunz\server private\royalgunz\realspace2\debug\rcollisiondetection.obj
d:\gunz\server private\royalgunz\realspace2\debug\rlenzflare.obj
d:\gunz\server private\royalgunz\realspace2\debug\rshadermgr.obj
d:\gunz\server private\royalgunz\realspace2\debug\rtypes.obj
d:\gunz\server private\royalgunz\realspace2\debug\rmesh_render.obj
d:\gunz\server private\royalgunz\realspace2\debug\rmeshutil.obj
d:\gunz\server private\royalgunz\realspace2\debug\rvisualmeshmgr.obj
d:\gunz\server private\royalgunz\realspace2\debug\rmateriallist.obj
d:\gunz\server private\royalgunz\realspace2\debug\rastar.obj
d:\gunz\server private\royalgunz\realspace2\debug\rerror.obj
d:\gunz\server private\royalgunz\realspace2\debug\rtoken.obj
d:\gunz\server private\royalgunz\realspace2\debug\rhalfedgemesh.obj
d:\gunz\server private\royalgunz\realspace2\debug\rmeshmgr.obj
d:\gunz\server private\royalgunz\realspace2\debug\rvector.obj
d:\gunz\server private\royalgunz\realspace2\debug\rvisualmeshutil.obj
d:\gunz\server private\royalgunz\realspace2\debug\rboundary.obj
d:\gunz\server private\royalgunz\realspace2\debug\rcloth.obj
d:\gunz\server private\royalgunz\realspace2\debug\rdynamiclight.obj
d:\gunz\server private\royalgunz\realspace2\debug\rsolidbsp.obj
d:\gunz\server private\royalgunz\realspace2\debug\rfont.obj
d:\gunz\server private\royalgunz\realspace2\debug\xbspobject.obj
d:\gunz\server private\royalgunz\realspace2\debug\rmesh_frame.obj
d:\gunz\server private\royalgunz\realspace2\debug\rmeshnodedata.obj
d:\gunz\server private\royalgunz\realspace2\debug\rmtrl.obj
d:\gunz\server private\royalgunz\realspace2\debug\ranimation.obj
d:\gunz\server private\royalgunz\realspace2\debug\ranimationnode.obj
d:\gunz\server private\royalgunz\realspace2\debug\rcylinder.obj
d:\gunz\server private\royalgunz\realspace2\debug\rocclusionlist.obj
d:\gunz\server private\royalgunz\realspace2\debug\rbasetexture.obj
d:\gunz\server private\royalgunz\realspace2\debug\realspace2.obj
d:\gunz\server private\royalgunz\realspace2\debug\rbspobject.obj
d:\gunz\server private\royalgunz\realspace2\debug\rsphere.obj
d:\gunz\server private\royalgunz\realspace2\debug\rlightlist.obj
d:\gunz\server private\royalgunz\realspace2\debug\rnavigationmesh.obj
d:\gunz\server private\royalgunz\realspace2\debug\abspobject.obj
d:\gunz\server private\royalgunz\realspace2\debug\ranimationmgr.obj
d:\gunz\server private\royalgunz\realspace2\debug\rnavigationnode.obj
d:\gunz\server private\royalgunz\realspace2\debug\rparticlesystem.obj
d:\gunz\server private\royalgunz\realspace2\debug\rframework.obj
d:\gunz\server private\royalgunz\realspace2\debug\rmesh_mtrl.obj
d:\gunz\server private\royalgunz\realspace2\debug\rmeshnode.obj
d:\gunz\server private\royalgunz\realspace2\debug\ranieventinfo.obj
d:\gunz\server private\royalgunz\realspace2\debug\rdummylist.obj
d:\gunz\server private\royalgunz\realspace2\debug\rroam.obj
d:\gunz\server private\royalgunz\realspace2\debug\rcamera.obj
d:\gunz\server private\royalgunz\realspace2\debug\rmesh.obj
d:\gunz\server private\royalgunz\realspace2\debug\rmeshnodestringtable.obj
d:\gunz\server private\royalgunz\realspace2\debug\ranimationfile.obj
d:\gunz\server private\royalgunz\realspace2\debug\rcharcloth.obj
d:\gunz\server private\royalgunz\realspace2\debug\rpvs.obj
d:\gunz\server private\royalgunz\realspace2\runtime\lib\realspace2d.lib
d:\gunz\server private\royalgunz\realspace2\debug\msxml.tlh
d:\gunz\server private\royalgunz\realspace2\.\runtime\lib\realspace2d.lib
d:\gunz\server private\royalgunz\realspace2\debug\realspace2.tlog\cl.command.1.tlog
d:\gunz\server private\royalgunz\realspace2\debug\realspace2.tlog\cl.read.1.tlog
d:\gunz\server private\royalgunz\realspace2\debug\realspace2.tlog\cl.write.1.tlog
d:\gunz\server private\royalgunz\realspace2\debug\realspace2.tlog\lib-link.read.1.tlog
d:\gunz\server private\royalgunz\realspace2\debug\realspace2.tlog\lib-link.write.1.tlog
d:\gunz\server private\royalgunz\realspace2\debug\realspace2.tlog\lib.command.1.tlog
