e:\source2022\sourcecode\locator\release\locator.pch
e:\source2022\sourcecode\locator\release\vc141.pdb
e:\source2022\sourcecode\locator\release\vc141.idb
e:\source2022\sourcecode\locator\release\stdafx.obj
e:\source2022\sourcecode\locator\release\exceptionattacher.obj
e:\source2022\sourcecode\locator\release\locator.obj
e:\source2022\sourcecode\locator\release\locatordoc.obj
e:\source2022\sourcecode\locator\release\locatorview.obj
e:\source2022\sourcecode\locator\release\mainfrm.obj
e:\source2022\sourcecode\locator\release\mlocator.obj
e:\source2022\sourcecode\locator\release\mlocatorconfig.obj
e:\source2022\sourcecode\locator\release\mlocatordbmgr.obj
e:\source2022\sourcecode\locator\release\mlocatorstatistics.obj
e:\source2022\sourcecode\locator\release\mlocatorudp.obj
e:\source2022\sourcecode\locator\release\mlocatorview.obj
e:\source2022\sourcecode\locator\release\mlogmanager.obj
e:\source2022\sourcecode\locator\release\mserverstatus.obj
e:\source2022\sourcecode\build\locator\locator.exe
e:\source2022\sourcecode\build\locator\locator.pdb
e:\source2022\sourcecode\build\locator\locator.ipdb
e:\source2022\sourcecode\build\locator\locator.iobj
e:\source2022\sourcecode\locator\release\locator.res
e:\source2022\sourcecode\locator\release\msxml.tlh
e:\source2022\sourcecode\locator\..\build\locator\locator.exe
e:\source2022\sourcecode\locator\release\locator.tlog\cl.command.1.tlog
e:\source2022\sourcecode\locator\release\locator.tlog\cl.read.1.tlog
e:\source2022\sourcecode\locator\release\locator.tlog\cl.write.1.tlog
e:\source2022\sourcecode\locator\release\locator.tlog\link.command.1.tlog
e:\source2022\sourcecode\locator\release\locator.tlog\link.read.1.tlog
e:\source2022\sourcecode\locator\release\locator.tlog\link.write.1.tlog
e:\source2022\sourcecode\locator\release\locator.tlog\locator.write.1u.tlog
e:\source2022\sourcecode\locator\release\locator.tlog\rc.command.1.tlog
e:\source2022\sourcecode\locator\release\locator.tlog\rc.read.1.tlog
e:\source2022\sourcecode\locator\release\locator.tlog\rc.write.1.tlog
