e:\source2022\sourcecode\zlauncher\zlauncher_2nd\cnewapp\release\gunzlauncher.pch
e:\source2022\sourcecode\zlauncher\zlauncher_2nd\cnewapp\release\vc141.pdb
e:\source2022\sourcecode\zlauncher\zlauncher_2nd\cnewapp\release\stdafx.obj
e:\source2022\sourcecode\zlauncher\zlauncher_2nd\cnewapp\release\zupdate.obj
e:\source2022\sourcecode\zlauncher\zlauncher_2nd\cnewapp\release\zfiletransfer.obj
e:\source2022\sourcecode\zlauncher\zlauncher_2nd\cnewapp\release\csound.obj
e:\source2022\sourcecode\zlauncher\zlauncher_2nd\cnewapp\release\cddbdialog.obj
e:\source2022\sourcecode\zlauncher\zlauncher_2nd\cnewapp\release\cddbbutton.obj
e:\source2022\sourcecode\zlauncher\zlauncher_2nd\cnewapp\release\cddbanibmp.obj
e:\source2022\sourcecode\zlauncher\zlauncher_2nd\cnewapp\release\cddb.obj
e:\source2022\sourcecode\zlauncher\zlauncher_2nd\cnewapp\release\newappwarnvista.obj
e:\source2022\sourcecode\zlauncher\zlauncher_2nd\cnewapp\release\newappupdateconfirm.obj
e:\source2022\sourcecode\zlauncher\zlauncher_2nd\cnewapp\release\newappupdatecompletedlg.obj
e:\source2022\sourcecode\zlauncher\zlauncher_2nd\cnewapp\release\newapplicenseconfirmdlg.obj
e:\source2022\sourcecode\zlauncher\zlauncher_2nd\cnewapp\release\newapperrordlg.obj
e:\source2022\sourcecode\zlauncher\zlauncher_2nd\cnewapp\release\newappdlg.obj
e:\source2022\sourcecode\zlauncher\zlauncher_2nd\cnewapp\release\newappaboutbox.obj
e:\source2022\sourcecode\zlauncher\zlauncher_2nd\cnewapp\release\newapp.obj
e:\source2022\sourcecode\zlauncher\zlauncher_2nd\cnewapp\release\log.obj
e:\source2022\sourcecode\zlauncher\zlauncher_2nd\cnewapp\release\explorer.obj
e:\source2022\sourcecode\zlauncher\zlauncher_2nd\cnewapp\release\cstringtable.obj
e:\source2022\sourcecode\zlauncher\zlauncher_2nd\cnewapp\release\cglencription.obj
e:\source2022\sourcecode\build\gunzlauncher\gunzlauncher.exe
e:\source2022\sourcecode\zlauncher\zlauncher_2nd\cnewapp\release\newapp.res
e:\source2022\sourcecode\zlauncher\zlauncher_2nd\cnewapp\release\msxml.tlh
e:\source2022\sourcecode\zlauncher\zlauncher_2nd\cnewapp\..\..\..\build\gunzlauncher\gunzlauncher.exe
e:\source2022\sourcecode\zlauncher\zlauncher_2nd\cnewapp\release\gunzlauncher.tlog\cl.command.1.tlog
e:\source2022\sourcecode\zlauncher\zlauncher_2nd\cnewapp\release\gunzlauncher.tlog\cl.read.1.tlog
e:\source2022\sourcecode\zlauncher\zlauncher_2nd\cnewapp\release\gunzlauncher.tlog\cl.write.1.tlog
e:\source2022\sourcecode\zlauncher\zlauncher_2nd\cnewapp\release\gunzlauncher.tlog\link.command.1.tlog
e:\source2022\sourcecode\zlauncher\zlauncher_2nd\cnewapp\release\gunzlauncher.tlog\link.read.1.tlog
e:\source2022\sourcecode\zlauncher\zlauncher_2nd\cnewapp\release\gunzlauncher.tlog\link.write.1.tlog
e:\source2022\sourcecode\zlauncher\zlauncher_2nd\cnewapp\release\gunzlauncher.tlog\rc.command.1.tlog
e:\source2022\sourcecode\zlauncher\zlauncher_2nd\cnewapp\release\gunzlauncher.tlog\rc.read.1.tlog
e:\source2022\sourcecode\zlauncher\zlauncher_2nd\cnewapp\release\gunzlauncher.tlog\rc.write.1.tlog
