d:\gunz\server private\royalgunz\matchserver\debug\matchserverd.pch
d:\gunz\server private\royalgunz\matchserver\debug\vc141.pdb
d:\gunz\server private\royalgunz\matchserver\debug\vc141.idb
d:\gunz\server private\royalgunz\matchserver\debug\stdafx.obj
d:\gunz\server private\royalgunz\matchserver\debug\mbmatchtest_killtracker.obj
d:\gunz\server private\royalgunz\matchserver\debug\testcrc32server.obj
d:\gunz\server private\royalgunz\matchserver\debug\testcrcnetmodule.obj
d:\gunz\server private\royalgunz\matchserver\debug\testcrcplayer.obj
d:\gunz\server private\royalgunz\matchserver\debug\testcrcstage.obj
d:\gunz\server private\royalgunz\matchserver\debug\testresourcecrc32cache_serverclient.obj
d:\gunz\server private\royalgunz\matchserver\debug\testconnecthistory.obj
d:\gunz\server private\royalgunz\matchserver\debug\testdueltournamentmatchmaker.obj
d:\gunz\server private\royalgunz\matchserver\debug\testmmatchobjecthistory.obj
d:\gunz\server private\royalgunz\matchserver\debug\unittest.obj
d:\gunz\server private\royalgunz\matchserver\debug\mbmatchnetmarblebilling.obj
d:\gunz\server private\royalgunz\matchserver\debug\mbmatchauth.obj
d:\gunz\server private\royalgunz\matchserver\debug\mbmatchxtrapcc.obj
d:\gunz\server private\royalgunz\matchserver\debug\xtrap4server.obj
d:\gunz\server private\royalgunz\matchserver\debug\mbmatchnhnauth.obj
d:\gunz\server private\royalgunz\matchserver\debug\mbmatchnhnrta.obj
d:\gunz\server private\royalgunz\matchserver\debug\mbmatchgameguard.obj
d:\gunz\server private\royalgunz\matchserver\debug\mbmatchsecurity.obj
d:\gunz\server private\royalgunz\matchserver\debug\mbmatchkilltracker.obj
d:\gunz\server private\royalgunz\matchserver\debug\mbmatchgameonauth.obj
d:\gunz\server private\royalgunz\matchserver\debug\mbmatchasyncdbjob_takeoffitem.obj
d:\gunz\server private\royalgunz\matchserver\debug\mbmatchasyncdbjob_updatecharlevel.obj
d:\gunz\server private\royalgunz\matchserver\debug\mbmatchasyncdbjob_updatecharplayinfo.obj
d:\gunz\server private\royalgunz\matchserver\debug\mbmatchasyncdbjob_updateequipitem.obj
d:\gunz\server private\royalgunz\matchserver\debug\mbmatchasyncjob_getcpuinfo.obj
d:\gunz\server private\royalgunz\matchserver\debug\onprocessasyncjob.obj
d:\gunz\server private\royalgunz\matchserver\debug\mbmatchasyncdbjob_bringaccountitem.obj
d:\gunz\server private\royalgunz\matchserver\debug\mbmatchasyncdbjob_bringaccountitemstackable.obj
d:\gunz\server private\royalgunz\matchserver\debug\mbmatchasyncdbjob_bringbackaccountitem.obj
d:\gunz\server private\royalgunz\matchserver\debug\mbmatchasyncdbjob_bringbackaccountitemstackable.obj
d:\gunz\server private\royalgunz\matchserver\debug\mbmatchserver_antihack.obj
d:\gunz\server private\royalgunz\matchserver\debug\mbmatchserver_countryfilter.obj
d:\gunz\server private\royalgunz\matchserver\debug\mbmatchserver_item.obj
d:\gunz\server private\royalgunz\matchserver\debug\mbmatchserver_login.obj
d:\gunz\server private\royalgunz\matchserver\debug\mbmatchserver_oncommand.obj
d:\gunz\server private\royalgunz\matchserver\debug\mbmatchserver_serverkeeper.obj
d:\gunz\server private\royalgunz\matchserver\debug\mbmatchserver_stage.obj
d:\gunz\server private\royalgunz\matchserver\debug\mmatchserver_schedule.obj
d:\gunz\server private\royalgunz\matchserver\debug\mbmatchtest.obj
d:\gunz\server private\royalgunz\matchserver\debug\mbmatchtest_gameguard.obj
d:\gunz\server private\royalgunz\matchserver\debug\commandlogview.obj
d:\gunz\server private\royalgunz\matchserver\debug\crash.obj
d:\gunz\server private\royalgunz\matchserver\debug\exceptionattacher.obj
d:\gunz\server private\royalgunz\matchserver\debug\mainfrm.obj
d:\gunz\server private\royalgunz\matchserver\debug\matchserver.obj
d:\gunz\server private\royalgunz\matchserver\debug\matchserverdoc.obj
d:\gunz\server private\royalgunz\matchserver\debug\matchserverview.obj
d:\gunz\server private\royalgunz\matchserver\debug\outputview.obj
d:\gunz\server private\royalgunz\matchserver\debug\stackwalker.obj
d:\gunz\server private\royalgunz\matchserver\debug\trayicon.obj
d:\gunz\server private\royalgunz\matchserver\debug\mbmatchserver.obj
d:\gunz\server private\royalgunz\matchserver\debug\mbmatchserverconfigreloader.obj
d:\gunz\server private\royalgunz\matchserver\debug\mbmatchasyncdbjob_buybountyitem.obj
d:\gunz\server private\royalgunz\matchserver\debug\mbmatchasyncdbjob_character.obj
d:\gunz\server private\royalgunz\matchserver\debug\mbmatchasyncdbjob_gambleitem.obj
d:\gunz\server private\royalgunz\matchserver\debug\mbmatchasyncdbjob_gamblequestitem.obj
d:\gunz\server private\royalgunz\matchserver\debug\mbmatchasyncdbjob_gameonlogin.obj
d:\gunz\server private\royalgunz\matchserver\debug\mbmatchasyncdbjob_netmarblelogin.obj
d:\gunz\server private\royalgunz\matchserver\debug\mbmatchasyncdbjob_nhnlogin.obj
d:\gunz\server private\royalgunz\matchserver\debug\mbmatchasyncdbjob_sellitem.obj
d:\gunz\server private\royalgunz\matchserver\debug\childfrm.obj
d:\gunz\server private\royalgunz\matchserver\runtime\matchserverd.exe
d:\gunz\server private\royalgunz\matchserver\runtime\matchserverd.map
d:\gunz\server private\royalgunz\matchserver\runtime\matchserverd.pdb
d:\gunz\server private\royalgunz\matchserver\debug\matchserver.res
d:\gunz\server private\royalgunz\matchserver\debug\msxml.tlh
d:\gunz\server private\royalgunz\matchserver\.\runtime\matchserverd.exe
d:\gunz\server private\royalgunz\matchserver\debug\matchserver.tlog\cl.command.1.tlog
d:\gunz\server private\royalgunz\matchserver\debug\matchserver.tlog\cl.read.1.tlog
d:\gunz\server private\royalgunz\matchserver\debug\matchserver.tlog\cl.write.1.tlog
d:\gunz\server private\royalgunz\matchserver\debug\matchserver.tlog\link.command.1.tlog
d:\gunz\server private\royalgunz\matchserver\debug\matchserver.tlog\link.read.1.tlog
d:\gunz\server private\royalgunz\matchserver\debug\matchserver.tlog\link.write.1.tlog
d:\gunz\server private\royalgunz\matchserver\debug\matchserver.tlog\rc.command.1.tlog
d:\gunz\server private\royalgunz\matchserver\debug\matchserver.tlog\rc.read.1.tlog
d:\gunz\server private\royalgunz\matchserver\debug\matchserver.tlog\rc.write.1.tlog
